# JRE version: OpenJDK Runtime Environment (8.0_212-b04) (build 1.8.0_212-release-1586-b04)
# Java VM: OpenJDK 64-Bit Server VM (25.212-b04 mixed mode windows-amd64 compressed oops)
Heap:
 PSYoungGen      total 260608K, used 99871K [0x00000000e0000000, 0x00000000f1a00000, 0x0000000100000000)
  eden space 247808K, 35% used [0x00000000e0000000,0x00000000e554a008,0x00000000ef200000)
  from space 12800K, 99% used [0x00000000f0d80000,0x00000000f19ff300,0x00000000f1a00000)
  to   space 15872K, 0% used [0x00000000efb00000,0x00000000efb00000,0x00000000f0a80000)
 ParOldGen       total 108544K, used 42946K [0x00000000a0000000, 0x00000000a6a00000, 0x00000000e0000000)
  object space 108544K, 39% used [0x00000000a0000000,0x00000000a29f0bc0,0x00000000a6a00000)
 Metaspace       used 72786K, capacity 76036K, committed 76120K, reserved 1114112K
  class space    used 10114K, capacity 10778K, committed 10840K, reserved 1048576K
GC Heap History (10 events):
Event: 9.423 GC heap before
{Heap before GC invocations=9 (full 2):
 PSYoungGen      total 263680K, used 10270K [0x00000000e0000000, 0x00000000f1a00000, 0x0000000100000000)
  eden space 247808K, 0% used [0x00000000e0000000,0x00000000e0000000,0x00000000ef200000)
  from space 15872K, 64% used [0x00000000efb00000,0x00000000f0507928,0x00000000f0a80000)
  to   space 12800K, 0% used [0x00000000f0d80000,0x00000000f0d80000,0x00000000f1a00000)
 ParOldGen       total 51712K, used 7273K [0x00000000a0000000, 0x00000000a3280000, 0x00000000e0000000)
  object space 51712K, 14% used [0x00000000a0000000,0x00000000a071a5e8,0x00000000a3280000)
 Metaspace       used 34578K, capacity 35412K, committed 35456K, reserved 1079296K
  class space    used 4754K, capacity 4967K, committed 4992K, reserved 1048576K
Event: 9.577 GC heap after
Heap after GC invocations=9 (full 2):
 PSYoungGen      total 263680K, used 0K [0x00000000e0000000, 0x00000000f1a00000, 0x0000000100000000)
  eden space 247808K, 0% used [0x00000000e0000000,0x00000000e0000000,0x00000000ef200000)
  from space 15872K, 0% used [0x00000000efb00000,0x00000000efb00000,0x00000000f0a80000)
  to   space 12800K, 0% used [0x00000000f0d80000,0x00000000f0d80000,0x00000000f1a00000)
 ParOldGen       total 74752K, used 16880K [0x00000000a0000000, 0x00000000a4900000, 0x00000000e0000000)
  object space 74752K, 22% used [0x00000000a0000000,0x00000000a107c350,0x00000000a4900000)
 Metaspace       used 34554K, capacity 35334K, committed 35456K, reserved 1079296K
  class space    used 4746K, capacity 4954K, committed 4992K, reserved 1048576K
}
Event: 14.024 GC heap before
{Heap before GC invocations=10 (full 2):
 PSYoungGen      total 263680K, used 247808K [0x00000000e0000000, 0x00000000f1a00000, 0x0000000100000000)
  eden space 247808K, 100% used [0x00000000e0000000,0x00000000ef200000,0x00000000ef200000)
  from space 15872K, 0% used [0x00000000efb00000,0x00000000efb00000,0x00000000f0a80000)
  to   space 12800K, 0% used [0x00000000f0d80000,0x00000000f0d80000,0x00000000f1a00000)
 ParOldGen       total 74752K, used 16880K [0x00000000a0000000, 0x00000000a4900000, 0x00000000e0000000)
  object space 74752K, 22% used [0x00000000a0000000,0x00000000a107c350,0x00000000a4900000)
 Metaspace       used 56152K, capacity 57912K, committed 58112K, reserved 1099776K
  class space    used 7729K, capacity 8129K, committed 8192K, reserved 1048576K
Event: 14.063 GC heap after
Heap after GC invocations=10 (full 2):
 PSYoungGen      total 260608K, used 12773K [0x00000000e0000000, 0x00000000f1a00000, 0x0000000100000000)
  eden space 247808K, 0% used [0x00000000e0000000,0x00000000e0000000,0x00000000ef200000)
  from space 12800K, 99% used [0x00000000f0d80000,0x00000000f19f97b8,0x00000000f1a00000)
  to   space 15872K, 0% used [0x00000000efb00000,0x00000000efb00000,0x00000000f0a80000)
 ParOldGen       total 74752K, used 33386K [0x00000000a0000000, 0x00000000a4900000, 0x00000000e0000000)
  object space 74752K, 44% used [0x00000000a0000000,0x00000000a209a920,0x00000000a4900000)
 Metaspace       used 56152K, capacity 57912K, committed 58112K, reserved 1099776K
  class space    used 7729K, capacity 8129K, committed 8192K, reserved 1048576K
}
Event: 14.260 GC heap before
{Heap before GC invocations=11 (full 2):
 PSYoungGen      total 260608K, used 38369K [0x00000000e0000000, 0x00000000f1a00000, 0x0000000100000000)
  eden space 247808K, 10% used [0x00000000e0000000,0x00000000e18fefc0,0x00000000ef200000)
  from space 12800K, 99% used [0x00000000f0d80000,0x00000000f19f97b8,0x00000000f1a00000)
  to   space 15872K, 0% used [0x00000000efb00000,0x00000000efb00000,0x00000000f0a80000)
 ParOldGen       total 74752K, used 33386K [0x00000000a0000000, 0x00000000a4900000, 0x00000000e0000000)
  object space 74752K, 44% used [0x00000000a0000000,0x00000000a209a920,0x00000000a4900000)
 Metaspace       used 57027K, capacity 59040K, committed 59096K, reserved 1099776K
  class space    used 7889K, capacity 8352K, committed 8408K, reserved 1048576K
Event: 14.275 GC heap after
Heap after GC invocations=11 (full 2):
 PSYoungGen      total 263680K, used 15000K [0x00000000e0000000, 0x00000000f1a00000, 0x0000000100000000)
  eden space 247808K, 0% used [0x00000000e0000000,0x00000000e0000000,0x00000000ef200000)
  from space 15872K, 94% used [0x00000000efb00000,0x00000000f09a61a0,0x00000000f0a80000)
  to   space 12800K, 0% used [0x00000000f0d80000,0x00000000f0d80000,0x00000000f1a00000)
 ParOldGen       total 74752K, used 33394K [0x00000000a0000000, 0x00000000a4900000, 0x00000000e0000000)
  object space 74752K, 44% used [0x00000000a0000000,0x00000000a209c920,0x00000000a4900000)
 Metaspace       used 57027K, capacity 59040K, committed 59096K, reserved 1099776K
  class space    used 7889K, capacity 8352K, committed 8408K, reserved 1048576K
}
Event: 14.275 GC heap before
{Heap before GC invocations=12 (full 3):
 PSYoungGen      total 263680K, used 15000K [0x00000000e0000000, 0x00000000f1a00000, 0x0000000100000000)
  eden space 247808K, 0% used [0x00000000e0000000,0x00000000e0000000,0x00000000ef200000)
  from space 15872K, 94% used [0x00000000efb00000,0x00000000f09a61a0,0x00000000f0a80000)
  to   space 12800K, 0% used [0x00000000f0d80000,0x00000000f0d80000,0x00000000f1a00000)
 ParOldGen       total 74752K, used 33394K [0x00000000a0000000, 0x00000000a4900000, 0x00000000e0000000)
  object space 74752K, 44% used [0x00000000a0000000,0x00000000a209c920,0x00000000a4900000)
 Metaspace       used 57027K, capacity 59040K, committed 59096K, reserved 1099776K
  class space    used 7889K, capacity 8352K, committed 8408K, reserved 1048576K
Event: 14.544 GC heap after
Heap after GC invocations=12 (full 3):
 PSYoungGen      total 263680K, used 0K [0x00000000e0000000, 0x00000000f1a00000, 0x0000000100000000)
  eden space 247808K, 0% used [0x00000000e0000000,0x00000000e0000000,0x00000000ef200000)
  from space 15872K, 0% used [0x00000000efb00000,0x00000000efb00000,0x00000000f0a80000)
  to   space 12800K, 0% used [0x00000000f0d80000,0x00000000f0d80000,0x00000000f1a00000)
 ParOldGen       total 108544K, used 30887K [0x00000000a0000000, 0x00000000a6a00000, 0x00000000e0000000)
  object space 108544K, 28% used [0x00000000a0000000,0x00000000a1e29df8,0x00000000a6a00000)
 Metaspace       used 56936K, capacity 58780K, committed 59096K, reserved 1099776K
  class space    used 7861K, capacity 8302K, committed 8408K, reserved 1048576K
}
Event: 18.076 GC heap before
{Heap before GC invocations=13 (full 3):
 PSYoungGen      total 263680K, used 247808K [0x00000000e0000000, 0x00000000f1a00000, 0x0000000100000000)
  eden space 247808K, 100% used [0x00000000e0000000,0x00000000ef200000,0x00000000ef200000)
  from space 15872K, 0% used [0x00000000efb00000,0x00000000efb00000,0x00000000f0a80000)
  to   space 12800K, 0% used [0x00000000f0d80000,0x00000000f0d80000,0x00000000f1a00000)
 ParOldGen       total 108544K, used 30887K [0x00000000a0000000, 0x00000000a6a00000, 0x00000000e0000000)
  object space 108544K, 28% used [0x00000000a0000000,0x00000000a1e29df8,0x00000000a6a00000)
 Metaspace       used 71718K, capacity 74808K, committed 74968K, reserved 1114112K
  class space    used 9948K, capacity 10612K, committed 10712K, reserved 1048576K
Event: 18.109 GC heap after
Heap after GC invocations=13 (full 3):
 PSYoungGen      total 260608K, used 12796K [0x00000000e0000000, 0x00000000f1a00000, 0x0000000100000000)
  eden space 247808K, 0% used [0x00000000e0000000,0x00000000e0000000,0x00000000ef200000)
  from space 12800K, 99% used [0x00000000f0d80000,0x00000000f19ff300,0x00000000f1a00000)
  to   space 15872K, 0% used [0x00000000efb00000,0x00000000efb00000,0x00000000f0a80000)
 ParOldGen       total 108544K, used 42946K [0x00000000a0000000, 0x00000000a6a00000, 0x00000000e0000000)
  object space 108544K, 39% used [0x00000000a0000000,0x00000000a29f0bc0,0x00000000a6a00000)
 Metaspace       used 71718K, capacity 74808K, committed 74968K, reserved 1114112K
  class space    used 9948K, capacity 10612K, committed 10712K, reserved 1048576K
}

