# JRE version: OpenJDK Runtime Environment (8.0_212-b04) (build 1.8.0_212-release-1586-b04)
# Java VM: OpenJDK 64-Bit Server VM (25.212-b04 mixed mode windows-amd64 compressed oops)
Heap:
 PSYoungGen      total 474624K, used 236988K [0x00000000e0000000, 0x0000000100000000, 0x0000000100000000)
  eden space 431104K, 44% used [0x00000000e0000000,0x00000000ebd30768,0x00000000fa500000)
  from space 43520K, 99% used [0x00000000fa500000,0x00000000fcf3eba0,0x00000000fcf80000)
  to   space 49664K, 0% used [0x00000000fcf80000,0x00000000fcf80000,0x0000000100000000)
 ParOldGen       total 208384K, used 106971K [0x00000000a0000000, 0x00000000acb80000, 0x00000000e0000000)
  object space 208384K, 51% used [0x00000000a0000000,0x00000000a6876df8,0x00000000acb80000)
 Metaspace       used 83829K, capacity 87135K, committed 87296K, reserved 1124352K
  class space    used 11222K, capacity 11903K, committed 12032K, reserved 1048576K
GC Heap History (10 events):
Event: 13.764 GC heap before
{Heap before GC invocations=11 (full 2):
 PSYoungGen      total 432640K, used 33975K [0x00000000e0000000, 0x00000000fc800000, 0x0000000100000000)
  eden space 416768K, 4% used [0x00000000e0000000,0x00000000e11b2728,0x00000000f9700000)
  from space 15872K, 99% used [0x00000000fb180000,0x00000000fc0fb7b8,0x00000000fc100000)
  to   space 25088K, 0% used [0x00000000f9700000,0x00000000f9700000,0x00000000faf80000)
 ParOldGen       total 75264K, used 31598K [0x00000000a0000000, 0x00000000a4980000, 0x00000000e0000000)
  object space 75264K, 41% used [0x00000000a0000000,0x00000000a1edb908,0x00000000a4980000)
 Metaspace       used 57039K, capacity 59067K, committed 59160K, reserved 1099776K
  class space    used 7891K, capacity 8355K, committed 8448K, reserved 1048576K
Event: 13.782 GC heap after
Heap after GC invocations=11 (full 2):
 PSYoungGen      total 441856K, used 16613K [0x00000000e0000000, 0x0000000100000000, 0x0000000100000000)
  eden space 416768K, 0% used [0x00000000e0000000,0x00000000e0000000,0x00000000f9700000)
  from space 25088K, 66% used [0x00000000f9700000,0x00000000fa7397e8,0x00000000faf80000)
  to   space 25600K, 0% used [0x00000000fe700000,0x00000000fe700000,0x0000000100000000)
 ParOldGen       total 75264K, used 31606K [0x00000000a0000000, 0x00000000a4980000, 0x00000000e0000000)
  object space 75264K, 41% used [0x00000000a0000000,0x00000000a1edd908,0x00000000a4980000)
 Metaspace       used 57039K, capacity 59067K, committed 59160K, reserved 1099776K
  class space    used 7891K, capacity 8355K, committed 8448K, reserved 1048576K
}
Event: 13.782 GC heap before
{Heap before GC invocations=12 (full 3):
 PSYoungGen      total 441856K, used 16613K [0x00000000e0000000, 0x0000000100000000, 0x0000000100000000)
  eden space 416768K, 0% used [0x00000000e0000000,0x00000000e0000000,0x00000000f9700000)
  from space 25088K, 66% used [0x00000000f9700000,0x00000000fa7397e8,0x00000000faf80000)
  to   space 25600K, 0% used [0x00000000fe700000,0x00000000fe700000,0x0000000100000000)
 ParOldGen       total 75264K, used 31606K [0x00000000a0000000, 0x00000000a4980000, 0x00000000e0000000)
  object space 75264K, 41% used [0x00000000a0000000,0x00000000a1edd908,0x00000000a4980000)
 Metaspace       used 57039K, capacity 59067K, committed 59160K, reserved 1099776K
  class space    used 7891K, capacity 8355K, committed 8448K, reserved 1048576K
Event: 14.030 GC heap after
Heap after GC invocations=12 (full 3):
 PSYoungGen      total 441856K, used 0K [0x00000000e0000000, 0x0000000100000000, 0x0000000100000000)
  eden space 416768K, 0% used [0x00000000e0000000,0x00000000e0000000,0x00000000f9700000)
  from space 25088K, 0% used [0x00000000f9700000,0x00000000f9700000,0x00000000faf80000)
  to   space 25600K, 0% used [0x00000000fe700000,0x00000000fe700000,0x0000000100000000)
 ParOldGen       total 103936K, used 30707K [0x00000000a0000000, 0x00000000a6580000, 0x00000000e0000000)
  object space 103936K, 29% used [0x00000000a0000000,0x00000000a1dfcfa8,0x00000000a6580000)
 Metaspace       used 56952K, capacity 58815K, committed 59160K, reserved 1099776K
  class space    used 7864K, capacity 8307K, committed 8448K, reserved 1048576K
}
Event: 21.820 GC heap before
{Heap before GC invocations=13 (full 3):
 PSYoungGen      total 441856K, used 416768K [0x00000000e0000000, 0x0000000100000000, 0x0000000100000000)
  eden space 416768K, 100% used [0x00000000e0000000,0x00000000f9700000,0x00000000f9700000)
  from space 25088K, 0% used [0x00000000f9700000,0x00000000f9700000,0x00000000faf80000)
  to   space 25600K, 0% used [0x00000000fe700000,0x00000000fe700000,0x0000000100000000)
 ParOldGen       total 103936K, used 30707K [0x00000000a0000000, 0x00000000a6580000, 0x00000000e0000000)
  object space 103936K, 29% used [0x00000000a0000000,0x00000000a1dfcfa8,0x00000000a6580000)
 Metaspace       used 76636K, capacity 80091K, committed 80256K, reserved 1118208K
  class space    used 10578K, capacity 11273K, committed 11392K, reserved 1048576K
Event: 21.978 GC heap after
Heap after GC invocations=13 (full 3):
 PSYoungGen      total 456704K, used 25588K [0x00000000e0000000, 0x0000000100000000, 0x0000000100000000)
  eden space 431104K, 0% used [0x00000000e0000000,0x00000000e0000000,0x00000000fa500000)
  from space 25600K, 99% used [0x00000000fe700000,0x00000000ffffd150,0x0000000100000000)
  to   space 46592K, 0% used [0x00000000fa500000,0x00000000fa500000,0x00000000fd280000)
 ParOldGen       total 103936K, used 77212K [0x00000000a0000000, 0x00000000a6580000, 0x00000000e0000000)
  object space 103936K, 74% used [0x00000000a0000000,0x00000000a4b67210,0x00000000a6580000)
 Metaspace       used 76636K, capacity 80091K, committed 80256K, reserved 1118208K
  class space    used 10578K, capacity 11273K, committed 11392K, reserved 1048576K
}
Event: 21.978 GC heap before
{Heap before GC invocations=14 (full 4):
 PSYoungGen      total 456704K, used 25588K [0x00000000e0000000, 0x0000000100000000, 0x0000000100000000)
  eden space 431104K, 0% used [0x00000000e0000000,0x00000000e0000000,0x00000000fa500000)
  from space 25600K, 99% used [0x00000000fe700000,0x00000000ffffd150,0x0000000100000000)
  to   space 46592K, 0% used [0x00000000fa500000,0x00000000fa500000,0x00000000fd280000)
 ParOldGen       total 103936K, used 77212K [0x00000000a0000000, 0x00000000a6580000, 0x00000000e0000000)
  object space 103936K, 74% used [0x00000000a0000000,0x00000000a4b67210,0x00000000a6580000)
 Metaspace       used 76636K, capacity 80091K, committed 80256K, reserved 1118208K
  class space    used 10578K, capacity 11273K, committed 11392K, reserved 1048576K
Event: 23.104 GC heap after
Heap after GC invocations=14 (full 4):
 PSYoungGen      total 456704K, used 0K [0x00000000e0000000, 0x0000000100000000, 0x0000000100000000)
  eden space 431104K, 0% used [0x00000000e0000000,0x00000000e0000000,0x00000000fa500000)
  from space 25600K, 0% used [0x00000000fe700000,0x00000000fe700000,0x0000000100000000)
  to   space 46592K, 0% used [0x00000000fa500000,0x00000000fa500000,0x00000000fd280000)
 ParOldGen       total 208384K, used 100981K [0x00000000a0000000, 0x00000000acb80000, 0x00000000e0000000)
  object space 208384K, 48% used [0x00000000a0000000,0x00000000a629d610,0x00000000acb80000)
 Metaspace       used 76322K, capacity 79217K, committed 80256K, reserved 1118208K
  class space    used 10474K, capacity 11088K, committed 11392K, reserved 1048576K
}
Event: 64.375 GC heap before
{Heap before GC invocations=15 (full 4):
 PSYoungGen      total 456704K, used 431104K [0x00000000e0000000, 0x0000000100000000, 0x0000000100000000)
  eden space 431104K, 100% used [0x00000000e0000000,0x00000000fa500000,0x00000000fa500000)
  from space 25600K, 0% used [0x00000000fe700000,0x00000000fe700000,0x0000000100000000)
  to   space 46592K, 0% used [0x00000000fa500000,0x00000000fa500000,0x00000000fd280000)
 ParOldGen       total 208384K, used 100981K [0x00000000a0000000, 0x00000000acb80000, 0x00000000e0000000)
  object space 208384K, 48% used [0x00000000a0000000,0x00000000a629d610,0x00000000acb80000)
 Metaspace       used 83466K, capacity 86713K, committed 87040K, reserved 1124352K
  class space    used 11219K, capacity 11898K, committed 12032K, reserved 1048576K
Event: 64.423 GC heap after
Heap after GC invocations=15 (full 4):
 PSYoungGen      total 474624K, used 43258K [0x00000000e0000000, 0x0000000100000000, 0x0000000100000000)
  eden space 431104K, 0% used [0x00000000e0000000,0x00000000e0000000,0x00000000fa500000)
  from space 43520K, 99% used [0x00000000fa500000,0x00000000fcf3eba0,0x00000000fcf80000)
  to   space 49664K, 0% used [0x00000000fcf80000,0x00000000fcf80000,0x0000000100000000)
 ParOldGen       total 208384K, used 106971K [0x00000000a0000000, 0x00000000acb80000, 0x00000000e0000000)
  object space 208384K, 51% used [0x00000000a0000000,0x00000000a6876df8,0x00000000acb80000)
 Metaspace       used 83466K, capacity 86713K, committed 87040K, reserved 1124352K
  class space    used 11219K, capacity 11898K, committed 12032K, reserved 1048576K
}

